<?xml version="1.0" encoding="UTF-8"?>
<!-- Generated by org.testng.reporters.JUnitReportReporter -->
<testsuite hostname="instance-1" failures="0" tests="4" name="com.automation.assignments.Data_Provider" time="0.030" errors="0" timestamp="2022-05-13T21:35:36 GMT" skipped="0">
  <testcase classname="com.automation.assignments.Data_Provider" name="carDetails" time="0.001"/>
  <system-out/>
  <testcase classname="com.automation.assignments.Data_Provider" name="carDetails" time="0.001"/>
  <system-out/>
  <testcase classname="com.automation.assignments.Data_Provider" name="carDetails" time="0.027"/>
  <system-out/>
  <testcase classname="com.automation.assignments.Data_Provider" name="carDetails" time="0.001"/>
  <system-out/>
</testsuite> <!-- com.automation.assignments.Data_Provider -->
