<?xml version="1.0" encoding="UTF-8"?>
<!-- Generated by org.testng.reporters.JUnitReportReporter -->
<testsuite hostname="instance-1" failures="0" tests="1" name="com.TestNg.learn.Parameterization_testng" time="13.509" errors="0" timestamp="2022-06-02T16:08:38 GMT" skipped="0">
  <testcase classname="com.TestNg.learn.Parameterization_testng" name="Rediff" time="13.509"/>
  <system-out/>
</testsuite> <!-- com.TestNg.learn.Parameterization_testng -->
