<?xml version="1.0" encoding="UTF-8"?>
<!-- Generated by org.testng.reporters.JUnitReportReporter -->
<testsuite hostname="instance-1" failures="0" tests="1" name="com.automationlearn.java.Assertions" time="0.018" errors="0" timestamp="2022-05-10T03:57:36 GMT" skipped="0">
  <testcase classname="com.automationlearn.java.Assertions" name="f" time="0.018"/>
  <system-out/>
</testsuite> <!-- com.automationlearn.java.Assertions -->
