<?xml version="1.0" encoding="UTF-8"?>
<!-- Generated by org.testng.reporters.JUnitReportReporter -->
<testsuite hostname="instance-1" failures="0" tests="4" name="com.automation.assignments.Using_Parameters" time="22.551" errors="0" timestamp="2022-06-07T18:54:27 GMT" skipped="0">
  <testcase classname="com.automation.assignments.Using_Parameters" name="videos" time="2.233"/>
  <system-out/>
  <testcase classname="com.automation.assignments.Using_Parameters" name="login" time="9.171"/>
  <system-out/>
  <testcase classname="com.automation.assignments.Using_Parameters" name="Rediff" time="4.307"/>
  <system-out/>
  <testcase classname="com.automation.assignments.Using_Parameters" name="Rediff" time="6.840"/>
  <system-out/>
</testsuite> <!-- com.automation.assignments.Using_Parameters -->
