<?xml version="1.0" encoding="UTF-8"?>
<!-- Generated by org.testng.reporters.JUnitReportReporter -->
<testsuite hostname="instance-1" failures="0" tests="3" name="com.TestNg.learn.ITTestContext" time="0.019" errors="0" timestamp="2022-06-02T15:36:59 GMT" skipped="0">
  <testcase classname="com.TestNg.learn.ITTestContext" name="exit" time="0.001"/>
  <system-out/>
  <testcase classname="com.TestNg.learn.ITTestContext" name="Logic" time="0.002"/>
  <system-out/>
  <testcase classname="com.TestNg.learn.ITTestContext" name="setUp" time="0.016"/>
  <system-out/>
</testsuite> <!-- com.TestNg.learn.ITTestContext -->
