<?xml version="1.0" encoding="UTF-8"?>
<!-- Generated by org.testng.reporters.JUnitReportReporter -->
<testsuite hostname="instance-1" failures="0" tests="4" name="com.TestNg.learn.Groups_concepts" time="0.022" errors="0" timestamp="2022-06-03T15:43:38 GMT" skipped="0">
  <testcase classname="com.TestNg.learn.Groups_concepts" name="tc2" time="0.016"/>
  <system-out/>
  <testcase classname="com.TestNg.learn.Groups_concepts" name="tc3" time="0.002"/>
  <system-out/>
  <testcase classname="com.TestNg.learn.Groups_concepts" name="tc5" time="0.002"/>
  <system-out/>
  <testcase classname="com.TestNg.learn.Groups_concepts" name="tc4" time="0.002"/>
  <system-out/>
</testsuite> <!-- com.TestNg.learn.Groups_concepts -->
