<?xml version="1.0" encoding="UTF-8"?>
<!-- Generated by org.testng.reporters.JUnitReportReporter -->
<testsuite hostname="instance-1" failures="0" tests="2" name="com.automationlearn.java.annotations_testng" time="0.018" errors="0" timestamp="2022-05-13T14:17:45 GMT" skipped="0">
  <testcase classname="com.automationlearn.java.annotations_testng" name="test1" time="0.011"/>
  <system-out/>
  <testcase classname="com.automationlearn.java.annotations_testng" name="test2" time="0.007"/>
  <system-out/>
</testsuite> <!-- com.automationlearn.java.annotations_testng -->
