<?xml version="1.0" encoding="UTF-8"?>
<!-- Generated by org.testng.reporters.JUnitReportReporter -->
<testsuite hostname="instance-1" failures="0" tests="4" name="com.automationlearn.java.assertion_concept" time="1.686" errors="0" timestamp="2022-05-10T15:22:17 GMT" skipped="0">
  <testcase classname="com.automationlearn.java.assertion_concept" name="getUrl" time="0.016"/>
  <system-out/>
  <testcase classname="com.automationlearn.java.assertion_concept" name="ClickSignin" time="1.481"/>
  <system-out/>
  <testcase classname="com.automationlearn.java.assertion_concept" name="enterUsername" time="0.101"/>
  <system-out/>
  <testcase classname="com.automationlearn.java.assertion_concept" name="enterPassword" time="0.088"/>
  <system-out/>
</testsuite> <!-- com.automationlearn.java.assertion_concept -->
