<?xml version="1.0" encoding="UTF-8"?>
<!-- Generated by org.testng.reporters.JUnitReportReporter -->
<testsuite hostname="instance-1" failures="0" tests="4" name="com.TestNg.learn.TestNG_Parallel" time="33.721" errors="0" timestamp="2022-06-03T15:22:11 GMT" skipped="0">
  <testcase classname="com.TestNg.learn.TestNG_Parallel" name="TC2" time="7.158"/>
  <system-out/>
  <testcase classname="com.TestNg.learn.TestNG_Parallel" name="TC1" time="12.283"/>
  <system-out/>
  <testcase classname="com.TestNg.learn.TestNG_Parallel" name="TC1" time="14.279"/>
  <system-out/>
  <testcase classname="com.TestNg.learn.TestNG_Parallel" name="TC3" time="0.001"/>
  <system-out/>
</testsuite> <!-- com.TestNg.learn.TestNG_Parallel -->
