<?xml version="1.0" encoding="UTF-8"?>
<!-- Generated by org.testng.reporters.JUnitReportReporter -->
<testsuite hostname="instance-1" failures="0" tests="1" name="com.TestNg.learn.Rediff_Config" time="4.368" errors="0" timestamp="2022-05-14T15:38:37 GMT" skipped="0">
  <testcase classname="com.TestNg.learn.Rediff_Config" name="launchUrl" time="4.368"/>
  <system-out/>
</testsuite> <!-- com.TestNg.learn.Rediff_Config -->
