<?xml version="1.0" encoding="UTF-8"?>
<!-- Generated by org.testng.reporters.JUnitReportReporter -->
<testsuite hostname="instance-1" failures="0" tests="1" name="com.basics.java.FirstCode" time="4.066" errors="0" timestamp="2022-05-09T01:47:53 GMT" skipped="0">
  <testcase classname="com.basics.java.FirstCode" name="init" time="4.066"/>
  <system-out/>
</testsuite> <!-- com.basics.java.FirstCode -->
