<?xml version="1.0" encoding="UTF-8"?>
<!-- Generated by org.testng.reporters.JUnitReportReporter -->
<testsuite hostname="instance-1" failures="0" tests="1" name="com.headless.concepts.ChromeOptions_Rediff" time="4.640" errors="0" timestamp="2022-05-21T15:54:20 GMT" skipped="0">
  <testcase classname="com.headless.concepts.ChromeOptions_Rediff" name="Validations" time="4.640"/>
  <system-out/>
</testsuite> <!-- com.headless.concepts.ChromeOptions_Rediff -->
