<?xml version="1.0" encoding="UTF-8"?>
<!-- Generated by org.testng.reporters.JUnitReportReporter -->
<testsuite hostname="instance-1" failures="0" tests="16" name="com.automation.assignments.Using_Data_Provider" time="0.052" errors="0" timestamp="2022-05-13T21:47:06 GMT" skipped="0">
  <testcase classname="com.automation.assignments.Using_Data_Provider" name="logOut" time="0.002"/>
  <system-out/>
  <testcase classname="com.automation.assignments.Using_Data_Provider" name="getTitle" time="0.002"/>
  <system-out/>
  <testcase classname="com.automation.assignments.Using_Data_Provider" name="getTitle" time="0.001"/>
  <system-out/>
  <testcase classname="com.automation.assignments.Using_Data_Provider" name="enterCredentials" time="0.028"/>
  <system-out/>
  <testcase classname="com.automation.assignments.Using_Data_Provider" name="enterCredentials" time="0.001"/>
  <system-out/>
  <testcase classname="com.automation.assignments.Using_Data_Provider" name="enterCredentials" time="0.002"/>
  <system-out/>
  <testcase classname="com.automation.assignments.Using_Data_Provider" name="getTitle" time="0.001"/>
  <system-out/>
  <testcase classname="com.automation.assignments.Using_Data_Provider" name="launchUrl" time="0.002"/>
  <system-out/>
  <testcase classname="com.automation.assignments.Using_Data_Provider" name="logOut" time="0.002"/>
  <system-out/>
  <testcase classname="com.automation.assignments.Using_Data_Provider" name="launchUrl" time="0.001"/>
  <system-out/>
  <testcase classname="com.automation.assignments.Using_Data_Provider" name="logOut" time="0.001"/>
  <system-out/>
  <testcase classname="com.automation.assignments.Using_Data_Provider" name="logOut" time="0.001"/>
  <system-out/>
  <testcase classname="com.automation.assignments.Using_Data_Provider" name="launchUrl" time="0.004"/>
  <system-out/>
  <testcase classname="com.automation.assignments.Using_Data_Provider" name="getTitle" time="0.001"/>
  <system-out/>
  <testcase classname="com.automation.assignments.Using_Data_Provider" name="launchUrl" time="0.001"/>
  <system-out/>
  <testcase classname="com.automation.assignments.Using_Data_Provider" name="enterCredentials" time="0.002"/>
  <system-out/>
</testsuite> <!-- com.automation.assignments.Using_Data_Provider -->
