<?xml version="1.0" encoding="UTF-8"?>
<!-- Generated by org.testng.reporters.JUnitReportReporter -->
<testsuite hostname="instance-1" failures="0" tests="4" name="com.TestNg.learn.TestNG_parallel_2" time="31.841" errors="0" timestamp="2022-06-03T15:22:11 GMT" skipped="0">
  <testcase classname="com.TestNg.learn.TestNG_parallel_2" name="TC1" time="7.761"/>
  <system-out/>
  <testcase classname="com.TestNg.learn.TestNG_parallel_2" name="TC1" time="8.039"/>
  <system-out/>
  <testcase classname="com.TestNg.learn.TestNG_parallel_2" name="TC2" time="16.040"/>
  <system-out/>
  <testcase classname="com.TestNg.learn.TestNG_parallel_2" name="TC3" time="0.001"/>
  <system-out/>
</testsuite> <!-- com.TestNg.learn.TestNG_parallel_2 -->
