<?xml version="1.0" encoding="UTF-8"?>
<!-- Generated by org.testng.reporters.JUnitReportReporter -->
<testsuite hostname="instance-1" failures="0" tests="1" name="com.TestNg.learn.Surefile_testng" time="0.010" errors="0" timestamp="04 Jun 2022 13:43:12 GMT" skipped="0">
  <testcase classname="com.TestNg.learn.Surefile_testng" name="testingSurefire" time="0.010"/>
</testsuite> <!-- com.TestNg.learn.Surefile_testng -->
