<?xml version="1.0" encoding="UTF-8"?>
<!-- Generated by org.testng.reporters.JUnitReportReporter -->
<testsuite hostname="instance-1" failures="0" tests="4" name="com.TestNg.learn.TestNG_Parallel" time="25.177" errors="0" timestamp="04 Jun 2022 13:26:23 GMT" skipped="0">
  <testcase classname="com.TestNg.learn.TestNG_Parallel" name="TC2" time="7.272"/>
  <testcase classname="com.TestNg.learn.TestNG_Parallel" name="TC3" time="0.012"/>
  <testcase classname="com.TestNg.learn.TestNG_Parallel" name="TC1" time="9.836"/>
  <testcase classname="com.TestNg.learn.TestNG_Parallel" name="TC1" time="8.057"/>
</testsuite> <!-- com.TestNg.learn.TestNG_Parallel -->
