<?xml version="1.0" encoding="UTF-8"?>
<!-- Generated by org.testng.reporters.JUnitReportReporter -->
<testsuite hostname="instance-1" failures="0" tests="4" name="com.TestNg.learn.Groups_concepts" time="0.015" errors="0" timestamp="04 Jun 2022 13:28:06 GMT" skipped="0">
  <testcase classname="com.TestNg.learn.Groups_concepts" name="tc5" time="0.000"/>
  <testcase classname="com.TestNg.learn.Groups_concepts" name="tc4" time="0.000"/>
  <testcase classname="com.TestNg.learn.Groups_concepts" name="tc2" time="0.015"/>
  <testcase classname="com.TestNg.learn.Groups_concepts" name="tc3" time="0.000"/>
</testsuite> <!-- com.TestNg.learn.Groups_concepts -->
